This file contains any messages produced by compilers while
running configure, to aid debugging if configure makes a mistake.

It was created by irssi configure 1.4.5, which was
generated by GNU Autoconf 2.71.  Invocation command line was

  $ ./configure --prefix=/mnt/nfs/homes/djacobs/irssi

## --------- ##
## Platform. ##
## --------- ##

hostname = made-f0Ar4s11.clusters.42paris.fr
uname -m = x86_64
uname -r = 5.15.0-102-generic
uname -s = Linux
uname -v = #112-Ubuntu SMP Tue Mar 5 16:50:32 UTC 2024

/usr/bin/uname -p = x86_64
/bin/uname -X     = unknown

/bin/arch              = x86_64
/usr/bin/arch -k       = unknown
/usr/convex/getsysinfo = unknown
/usr/bin/hostinfo      = unknown
/bin/machine           = unknown
/usr/bin/oslevel       = unknown
/bin/universe          = unknown

PATH: /mnt/nfs/homes/djacobs/bin/
PATH: /usr/local/sbin/
PATH: /usr/local/bin/
PATH: /usr/sbin/
PATH: /usr/bin/
PATH: /sbin/
PATH: /bin/
PATH: /usr/games/
PATH: /usr/local/games/
PATH: /snap/bin/


## ----------- ##
## Core tests. ##
## ----------- ##

configure:2826: looking for aux files: config.guess config.sub ltmain.sh compile missing install-sh
configure:2839:  trying ./build-aux/
configure:2868:   ./build-aux/config.guess found
configure:2868:   ./build-aux/config.sub found
configure:2868:   ./build-aux/ltmain.sh found
configure:2868:   ./build-aux/compile found
configure:2868:   ./build-aux/missing found
configure:2850:   ./build-aux/install-sh found
configure:3004: checking for a BSD-compatible install
configure:3077: result: /usr/bin/install -c
configure:3088: checking whether build environment is sane
configure:3143: result: yes
configure:3302: checking for a race-free mkdir -p
configure:3346: result: /usr/bin/mkdir -p
configure:3353: checking for gawk
configure:3374: found /usr/bin/gawk
configure:3385: result: gawk
configure:3396: checking whether make sets $(MAKE)
configure:3419: result: yes
configure:3449: checking whether make supports nested variables
configure:3467: result: yes
configure:3611: checking whether make supports nested variables
configure:3629: result: yes
configure:3642: checking whether to enable maintainer-specific portions of Makefiles
configure:3652: result: no
configure:3728: checking for gcc
configure:3749: found /usr/bin/gcc
configure:3760: result: gcc
configure:4113: checking for C compiler version
configure:4122: gcc --version >&5
gcc (Ubuntu 10.5.0-1ubuntu1~22.04) 10.5.0
Copyright (C) 2020 Free Software Foundation, Inc.
This is free software; see the source for copying conditions.  There is NO
warranty; not even for MERCHANTABILITY or FITNESS FOR A PARTICULAR PURPOSE.

configure:4133: $? = 0
configure:4122: gcc -v >&5
Using built-in specs.
COLLECT_GCC=gcc
COLLECT_LTO_WRAPPER=/usr/lib/gcc/x86_64-linux-gnu/10/lto-wrapper
Target: x86_64-linux-gnu
Configured with: ../src/configure -v --with-pkgversion='Ubuntu 10.5.0-1ubuntu1~22.04' --with-bugurl=file:///usr/share/doc/gcc-10/README.Bugs --enable-languages=c,ada,c++,go,brig,d,fortran,objc,obj-c++,m2 --prefix=/usr --with-gcc-major-version-only --program-suffix=-10 --program-prefix=x86_64-linux-gnu- --enable-shared --enable-linker-build-id --libexecdir=/usr/lib --without-included-gettext --enable-threads=posix --libdir=/usr/lib --enable-nls --enable-bootstrap --enable-clocale=gnu --enable-libstdcxx-debug --enable-libstdcxx-time=yes --with-default-libstdcxx-abi=new --enable-gnu-unique-object --disable-vtable-verify --enable-plugin --enable-default-pie --with-system-zlib --enable-libphobos-checking=release --with-target-system-zlib=auto --enable-objc-gc=auto --enable-multiarch --disable-werror --with-arch-32=i686 --with-abi=m64 --with-multilib-list=m32,m64,mx32 --enable-multilib --with-tune=generic --enable-offload-targets=hsa --without-cuda-driver --enable-checking=release --build=x86_64-linux-gnu --host=x86_64-linux-gnu --target=x86_64-linux-gnu --with-build-config=bootstrap-lto-lean --enable-link-mutex
Thread model: posix
Supported LTO compression algorithms: zlib zstd
gcc version 10.5.0 (Ubuntu 10.5.0-1ubuntu1~22.04) 
configure:4133: $? = 0
configure:4122: gcc -V >&5
gcc: error: unrecognized command-line option '-V'
gcc: fatal error: no input files
compilation terminated.
configure:4133: $? = 1
configure:4122: gcc -qversion >&5
gcc: error: unrecognized command-line option '-qversion'; did you mean '--version'?
gcc: fatal error: no input files
compilation terminated.
configure:4133: $? = 1
configure:4122: gcc -version >&5
gcc: error: unrecognized command-line option '-version'
gcc: fatal error: no input files
compilation terminated.
configure:4133: $? = 1
configure:4153: checking whether the C compiler works
configure:4175: gcc    conftest.c  >&5
configure:4179: $? = 0
configure:4229: result: yes
configure:4232: checking for C compiler default output file name
configure:4234: result: a.out
configure:4240: checking for suffix of executables
configure:4247: gcc -o conftest    conftest.c  >&5
configure:4251: $? = 0
configure:4274: result: 
configure:4296: checking whether we are cross compiling
configure:4304: gcc -o conftest    conftest.c  >&5
configure:4308: $? = 0
configure:4315: ./conftest
configure:4319: $? = 0
configure:4334: result: no
configure:4339: checking for suffix of object files
configure:4362: gcc -c   conftest.c >&5
configure:4366: $? = 0
configure:4388: result: o
configure:4392: checking whether the compiler supports GNU C
configure:4412: gcc -c   conftest.c >&5
configure:4412: $? = 0
configure:4422: result: yes
configure:4433: checking whether gcc accepts -g
configure:4454: gcc -c -g  conftest.c >&5
configure:4454: $? = 0
configure:4498: result: yes
configure:4518: checking for gcc option to enable C11 features
configure:4533: gcc  -c -g -O2  conftest.c >&5
configure:4533: $? = 0
configure:4551: result: none needed
configure:4667: checking whether gcc understands -c and -o together
configure:4690: gcc -c conftest.c -o conftest2.o
configure:4693: $? = 0
configure:4690: gcc -c conftest.c -o conftest2.o
configure:4693: $? = 0
configure:4705: result: yes
configure:4725: checking whether make supports the include directive
configure:4740: make -f confmf.GNU && cat confinc.out
this is the am__doit target
configure:4743: $? = 0
configure:4762: result: yes (GNU style)
configure:4788: checking dependency style of gcc
configure:4900: result: gcc3
configure:4920: checking how to run the C preprocessor
configure:4946: gcc -E  conftest.c
configure:4946: $? = 0
configure:4961: gcc -E  conftest.c
conftest.c:9:10: fatal error: ac_nonexistent.h: No such file or directory
    9 | #include <ac_nonexistent.h>
      |          ^~~~~~~~~~~~~~~~~~
compilation terminated.
configure:4961: $? = 1
configure: failed program was:
| /* confdefs.h */
| #define PACKAGE_NAME "irssi"
| #define PACKAGE_TARNAME "irssi"
| #define PACKAGE_VERSION "1.4.5"
| #define PACKAGE_STRING "irssi 1.4.5"
| #define PACKAGE_BUGREPORT ""
| #define PACKAGE_URL ""
| /* end confdefs.h.  */
| #include <ac_nonexistent.h>
configure:4988: result: gcc -E
configure:5002: gcc -E  conftest.c
configure:5002: $? = 0
configure:5017: gcc -E  conftest.c
conftest.c:9:10: fatal error: ac_nonexistent.h: No such file or directory
    9 | #include <ac_nonexistent.h>
      |          ^~~~~~~~~~~~~~~~~~
compilation terminated.
configure:5017: $? = 1
configure: failed program was:
| /* confdefs.h */
| #define PACKAGE_NAME "irssi"
| #define PACKAGE_TARNAME "irssi"
| #define PACKAGE_VERSION "1.4.5"
| #define PACKAGE_STRING "irssi 1.4.5"
| #define PACKAGE_BUGREPORT ""
| #define PACKAGE_URL ""
| /* end confdefs.h.  */
| #include <ac_nonexistent.h>
configure:5079: checking build system type
configure:5094: result: x86_64-unknown-linux-gnu
configure:5114: checking host system type
configure:5128: result: x86_64-unknown-linux-gnu
configure:5169: checking how to print strings
configure:5196: result: printf
configure:5217: checking for a sed that does not truncate output
configure:5287: result: /usr/bin/sed
configure:5305: checking for grep that handles long lines and -e
configure:5369: result: /usr/bin/grep
configure:5374: checking for egrep
configure:5442: result: /usr/bin/grep -E
configure:5447: checking for fgrep
configure:5515: result: /usr/bin/grep -F
configure:5551: checking for ld used by gcc
configure:5619: result: /usr/bin/ld
configure:5626: checking if the linker (/usr/bin/ld) is GNU ld
configure:5642: result: yes
configure:5654: checking for BSD- or MS-compatible name lister (nm)
configure:5709: result: /usr/bin/nm -B
configure:5849: checking the name lister (/usr/bin/nm -B) interface
configure:5857: gcc -c -g -O2  conftest.c >&5
configure:5860: /usr/bin/nm -B "conftest.o"
configure:5863: output
0000000000000000 B some_variable
configure:5870: result: BSD nm
configure:5873: checking whether ln -s works
configure:5877: result: yes
configure:5885: checking the maximum length of command line arguments
configure:6017: result: 1572864
configure:6065: checking how to convert x86_64-unknown-linux-gnu file names to x86_64-unknown-linux-gnu format
configure:6106: result: func_convert_file_noop
configure:6113: checking how to convert x86_64-unknown-linux-gnu file names to toolchain format
configure:6134: result: func_convert_file_noop
configure:6141: checking for /usr/bin/ld option to reload object files
configure:6149: result: -r
configure:6228: checking for file
configure:6249: found /usr/bin/file
configure:6260: result: file
configure:6336: checking for objdump
configure:6357: found /usr/bin/objdump
configure:6368: result: objdump
configure:6400: checking how to recognize dependent libraries
configure:6601: result: pass_all
configure:6691: checking for dlltool
configure:6726: result: no
configure:6756: checking how to associate runtime and link libraries
configure:6784: result: printf %s\n
configure:6850: checking for ar
configure:6871: found /usr/bin/ar
configure:6882: result: ar
configure:6935: checking for archiver @FILE support
configure:6953: gcc -c -g -O2  conftest.c >&5
configure:6953: $? = 0
configure:6957: ar cr libconftest.a @conftest.lst >&5
configure:6960: $? = 0
configure:6965: ar cr libconftest.a @conftest.lst >&5
ar: conftest.o: No such file or directory
configure:6968: $? = 1
configure:6980: result: @
configure:7043: checking for strip
configure:7064: found /usr/bin/strip
configure:7075: result: strip
configure:7152: checking for ranlib
configure:7173: found /usr/bin/ranlib
configure:7184: result: ranlib
configure:7286: checking command to parse /usr/bin/nm -B output from gcc object
configure:7440: gcc -c -g -O2  conftest.c >&5
configure:7443: $? = 0
configure:7447: /usr/bin/nm -B conftest.o \| /usr/bin/sed -n -e 's/^.*[ ]\([ABCDGIRSTW][ABCDGIRSTW]*\)[ ][ ]*\([_A-Za-z][_A-Za-z0-9]*\)$/\1 \2 \2/p' | /usr/bin/sed '/ __gnu_lto/d' \> conftest.nm
configure:7450: $? = 0
configure:7516: gcc -o conftest -g -O2   conftest.c conftstm.o >&5
configure:7519: $? = 0
configure:7557: result: ok
configure:7604: checking for sysroot
configure:7635: result: no
configure:7642: checking for a working dd
configure:7686: result: /usr/bin/dd
configure:7690: checking how to truncate binary pipes
configure:7706: result: /usr/bin/dd bs=4096 count=1
configure:7843: gcc -c -g -O2  conftest.c >&5
configure:7846: $? = 0
configure:8043: checking for mt
configure:8064: found /usr/bin/mt
configure:8075: result: mt
configure:8098: checking if mt is a manifest tool
configure:8105: mt '-?'
configure:8113: result: no
configure:8838: checking for stdio.h
configure:8838: gcc -c -g -O2  conftest.c >&5
configure:8838: $? = 0
configure:8838: result: yes
configure:8838: checking for stdlib.h
configure:8838: gcc -c -g -O2  conftest.c >&5
configure:8838: $? = 0
configure:8838: result: yes
configure:8838: checking for string.h
configure:8838: gcc -c -g -O2  conftest.c >&5
configure:8838: $? = 0
configure:8838: result: yes
configure:8838: checking for inttypes.h
configure:8838: gcc -c -g -O2  conftest.c >&5
configure:8838: $? = 0
configure:8838: result: yes
configure:8838: checking for stdint.h
configure:8838: gcc -c -g -O2  conftest.c >&5
configure:8838: $? = 0
configure:8838: result: yes
configure:8838: checking for strings.h
configure:8838: gcc -c -g -O2  conftest.c >&5
configure:8838: $? = 0
configure:8838: result: yes
configure:8838: checking for sys/stat.h
configure:8838: gcc -c -g -O2  conftest.c >&5
configure:8838: $? = 0
configure:8838: result: yes
configure:8838: checking for sys/types.h
configure:8838: gcc -c -g -O2  conftest.c >&5
configure:8838: $? = 0
configure:8838: result: yes
configure:8838: checking for unistd.h
configure:8838: gcc -c -g -O2  conftest.c >&5
configure:8838: $? = 0
configure:8838: result: yes
configure:8863: checking for dlfcn.h
configure:8863: gcc -c -g -O2  conftest.c >&5
configure:8863: $? = 0
configure:8863: result: yes
configure:9122: checking for objdir
configure:9138: result: .libs
configure:9402: checking if gcc supports -fno-rtti -fno-exceptions
configure:9421: gcc -c -g -O2  -fno-rtti -fno-exceptions conftest.c >&5
cc1: warning: command-line option '-fno-rtti' is valid for C++/D/ObjC++ but not for C
configure:9425: $? = 0
configure:9438: result: no
configure:9796: checking for gcc option to produce PIC
configure:9804: result: -fPIC -DPIC
configure:9812: checking if gcc PIC flag -fPIC -DPIC works
configure:9831: gcc -c -g -O2  -fPIC -DPIC -DPIC conftest.c >&5
configure:9835: $? = 0
configure:9848: result: yes
configure:9877: checking if gcc static flag -static works
configure:9906: result: yes
configure:9921: checking if gcc supports -c -o file.o
configure:9943: gcc -c -g -O2  -o out/conftest2.o conftest.c >&5
configure:9947: $? = 0
configure:9969: result: yes
configure:9977: checking if gcc supports -c -o file.o
configure:10025: result: yes
configure:10058: checking whether the gcc linker (/usr/bin/ld -m elf_x86_64) supports shared libraries
configure:11326: result: yes
configure:11363: checking whether -lc should be explicitly linked in
configure:11372: gcc -c -g -O2  conftest.c >&5
configure:11375: $? = 0
configure:11390: gcc -shared  -fPIC -DPIC conftest.o  -v -Wl,-soname -Wl,conftest -o conftest 2\>\&1 \| /usr/bin/grep  -lc  \>/dev/null 2\>\&1
configure:11393: $? = 0
configure:11407: result: no
configure:11567: checking dynamic linker characteristics
configure:12149: gcc -o conftest -g -O2   -Wl,-rpath -Wl,/foo conftest.c  >&5
configure:12149: $? = 0
configure:12388: result: GNU/Linux ld.so
configure:12510: checking how to hardcode library paths into programs
configure:12535: result: immediate
configure:13087: checking whether stripping libraries is possible
configure:13096: result: yes
configure:13138: checking if libtool supports shared libraries
configure:13140: result: yes
configure:13143: checking whether to build shared libraries
configure:13168: result: yes
configure:13171: checking whether to build static libraries
configure:13175: result: yes
configure:13215: checking for sed
configure:13238: found /usr/bin/sed
configure:13250: result: /usr/bin/sed
configure:13260: checking for perl
configure:13283: found /usr/bin/perl
configure:13295: result: /usr/bin/perl
configure:13321: checking for unistd.h
configure:13321: result: yes
configure:13327: checking for dirent.h
configure:13327: gcc -c -g -O2  conftest.c >&5
configure:13327: $? = 0
configure:13327: result: yes
configure:13333: checking for sys/ioctl.h
configure:13333: gcc -c -g -O2  conftest.c >&5
configure:13333: $? = 0
configure:13333: result: yes
configure:13339: checking for sys/resource.h
configure:13339: gcc -c -g -O2  conftest.c >&5
configure:13339: $? = 0
configure:13339: result: yes
configure:13348: checking for sys/socket.h
configure:13348: gcc -c -g -O2  conftest.c >&5
configure:13348: $? = 0
configure:13348: result: yes
configure:13354: checking for sys/time.h
configure:13354: gcc -c -g -O2  conftest.c >&5
configure:13354: $? = 0
configure:13354: result: yes
configure:13360: checking for sys/utsname.h
configure:13360: gcc -c -g -O2  conftest.c >&5
configure:13360: $? = 0
configure:13360: result: yes
configure:13376: checking for special C compiler options needed for large files
configure:13424: result: no
configure:13430: checking for _FILE_OFFSET_BITS value needed for large files
configure:13456: gcc -c -g -O2  conftest.c >&5
configure:13456: $? = 0
configure:13490: result: no
configure:13821: checking for library containing socket
configure:13851: gcc -o conftest -g -O2   conftest.c  >&5
configure:13851: $? = 0
configure:13871: result: none required
configure:13881: checking for library containing inet_addr
configure:13911: gcc -o conftest -g -O2   conftest.c  >&5
configure:13911: $? = 0
configure:13931: result: none required
configure:13945: checking for socklen_t
configure:13945: gcc -c -g -O2 -Wall  conftest.c >&5
configure:13945: $? = 0
configure:13945: gcc -c -g -O2 -Wall  conftest.c >&5
conftest.c: In function 'main':
conftest.c:65:24: error: expected expression before ')' token
   65 | if (sizeof ((socklen_t)))
      |                        ^
configure:13945: $? = 1
configure: failed program was:
| /* confdefs.h */
| #define PACKAGE_NAME "irssi"
| #define PACKAGE_TARNAME "irssi"
| #define PACKAGE_VERSION "1.4.5"
| #define PACKAGE_STRING "irssi 1.4.5"
| #define PACKAGE_BUGREPORT ""
| #define PACKAGE_URL ""
| #define HAVE_STDIO_H 1
| #define HAVE_STDLIB_H 1
| #define HAVE_STRING_H 1
| #define HAVE_INTTYPES_H 1
| #define HAVE_STDINT_H 1
| #define HAVE_STRINGS_H 1
| #define HAVE_SYS_STAT_H 1
| #define HAVE_SYS_TYPES_H 1
| #define HAVE_UNISTD_H 1
| #define STDC_HEADERS 1
| #define HAVE_DLFCN_H 1
| #define LT_OBJDIR ".libs/"
| #define HAVE_UNISTD_H 1
| #define HAVE_DIRENT_H 1
| #define HAVE_SYS_IOCTL_H 1
| #define HAVE_SYS_RESOURCE_H 1
| #define HAVE_SYS_SOCKET_H 1
| #define HAVE_SYS_TIME_H 1
| #define HAVE_SYS_UTSNAME_H 1
| /* end confdefs.h.  */
| 
| #include <stddef.h>
| #ifdef HAVE_STDIO_H
| # include <stdio.h>
| #endif
| #ifdef HAVE_STDLIB_H
| # include <stdlib.h>
| #endif
| #ifdef HAVE_STRING_H
| # include <string.h>
| #endif
| #ifdef HAVE_INTTYPES_H
| # include <inttypes.h>
| #endif
| #ifdef HAVE_STDINT_H
| # include <stdint.h>
| #endif
| #ifdef HAVE_STRINGS_H
| # include <strings.h>
| #endif
| #ifdef HAVE_SYS_TYPES_H
| # include <sys/types.h>
| #endif
| #ifdef HAVE_SYS_STAT_H
| # include <sys/stat.h>
| #endif
| #ifdef HAVE_UNISTD_H
| # include <unistd.h>
| #endif
| #ifdef HAVE_SYS_SOCKET_H
| #  include <sys/socket.h>
| #endif
| 
| 
| int
| main (void)
| {
| if (sizeof ((socklen_t)))
| 	    return 0;
|   ;
|   return 0;
| }
configure:13945: result: yes
configure:13966: checking size of int
configure:13972: gcc -o conftest -g -O2 -Wall   conftest.c  >&5
configure:13972: $? = 0
configure:13972: ./conftest
configure:13972: $? = 0
configure:13987: result: 4
configure:13999: checking size of long
configure:14005: gcc -o conftest -g -O2 -Wall   conftest.c  >&5
configure:14005: $? = 0
configure:14005: ./conftest
configure:14005: $? = 0
configure:14020: result: 8
configure:14032: checking size of long long
configure:14038: gcc -o conftest -g -O2 -Wall   conftest.c  >&5
configure:14038: $? = 0
configure:14038: ./conftest
configure:14038: $? = 0
configure:14053: result: 8
configure:14065: checking size of off_t
configure:14071: gcc -o conftest -g -O2 -Wall   conftest.c  >&5
configure:14071: $? = 0
configure:14071: ./conftest
configure:14071: $? = 0
configure:14086: result: 8
configure:14263: checking for pkg-config
configure:14286: found /usr/bin/pkg-config
configure:14298: result: /usr/bin/pkg-config
configure:14323: checking pkg-config is at least version 0.7
configure:14326: result: yes
configure:14343: checking for GLIB - version >= 2.32.0
configure:14458: gcc -o conftest -g -O2 -Wall -pthread -I/usr/include/glib-2.0 -I/usr/lib/x86_64-linux-gnu/glib-2.0/include   conftest.c -Wl,--export-dynamic -lgmodule-2.0 -pthread -lglib-2.0  >&5
conftest.c: In function 'main':
conftest.c:43:3: warning: ignoring return value of 'system' declared with attribute 'warn_unused_result' [-Wunused-result]
   43 |   system ("touch conf.glibtest");
      |   ^~~~~~~~~~~~~~~~~~~~~~~~~~~~~~
configure:14458: $? = 0
configure:14458: ./conftest
configure:14458: $? = 0
configure:14473: result: yes (version 2.72.4)
configure:14619: checking for openssl
configure:14626: $PKG_CONFIG --exists --print-errors "openssl"
configure:14629: $? = 0
configure:14643: $PKG_CONFIG --exists --print-errors "openssl"
configure:14646: $? = 0
configure:14778: result: yes
configure:14787: checking for utf8proc.h
configure:14787: gcc -c -g -O2 -Wall   conftest.c >&5
conftest.c:61:10: fatal error: utf8proc.h: No such file or directory
   61 | #include <utf8proc.h>
      |          ^~~~~~~~~~~~
compilation terminated.
configure:14787: $? = 1
configure: failed program was:
| /* confdefs.h */
| #define PACKAGE_NAME "irssi"
| #define PACKAGE_TARNAME "irssi"
| #define PACKAGE_VERSION "1.4.5"
| #define PACKAGE_STRING "irssi 1.4.5"
| #define PACKAGE_BUGREPORT ""
| #define PACKAGE_URL ""
| #define HAVE_STDIO_H 1
| #define HAVE_STDLIB_H 1
| #define HAVE_STRING_H 1
| #define HAVE_INTTYPES_H 1
| #define HAVE_STDINT_H 1
| #define HAVE_STRINGS_H 1
| #define HAVE_SYS_STAT_H 1
| #define HAVE_SYS_TYPES_H 1
| #define HAVE_UNISTD_H 1
| #define STDC_HEADERS 1
| #define HAVE_DLFCN_H 1
| #define LT_OBJDIR ".libs/"
| #define HAVE_UNISTD_H 1
| #define HAVE_DIRENT_H 1
| #define HAVE_SYS_IOCTL_H 1
| #define HAVE_SYS_RESOURCE_H 1
| #define HAVE_SYS_SOCKET_H 1
| #define HAVE_SYS_TIME_H 1
| #define HAVE_SYS_UTSNAME_H 1
| #define SIZEOF_INT 4
| #define SIZEOF_LONG 8
| #define SIZEOF_LONG_LONG 8
| #define SIZEOF_OFF_T 8
| #define HAVE_GMODULE 1
| /* end confdefs.h.  */
| #include <stddef.h>
| #ifdef HAVE_STDIO_H
| # include <stdio.h>
| #endif
| #ifdef HAVE_STDLIB_H
| # include <stdlib.h>
| #endif
| #ifdef HAVE_STRING_H
| # include <string.h>
| #endif
| #ifdef HAVE_INTTYPES_H
| # include <inttypes.h>
| #endif
| #ifdef HAVE_STDINT_H
| # include <stdint.h>
| #endif
| #ifdef HAVE_STRINGS_H
| # include <strings.h>
| #endif
| #ifdef HAVE_SYS_TYPES_H
| # include <sys/types.h>
| #endif
| #ifdef HAVE_SYS_STAT_H
| # include <sys/stat.h>
| #endif
| #ifdef HAVE_UNISTD_H
| # include <unistd.h>
| #endif
| #include <utf8proc.h>
configure:14787: result: no
configure:14855: checking for library containing setupterm
configure:14885: gcc -o conftest -g -O2 -Wall    conftest.c  >&5
/usr/bin/ld: /tmp/cc58YUHj.o: in function `main':
/mnt/nfs/homes/djacobs/intra_djacobs/5_GitClone/Ft-irc/irssi-1.4.5/conftest.c:41: undefined reference to `setupterm'
collect2: error: ld returned 1 exit status
configure:14885: $? = 1
configure: failed program was:
| /* confdefs.h */
| #define PACKAGE_NAME "irssi"
| #define PACKAGE_TARNAME "irssi"
| #define PACKAGE_VERSION "1.4.5"
| #define PACKAGE_STRING "irssi 1.4.5"
| #define PACKAGE_BUGREPORT ""
| #define PACKAGE_URL ""
| #define HAVE_STDIO_H 1
| #define HAVE_STDLIB_H 1
| #define HAVE_STRING_H 1
| #define HAVE_INTTYPES_H 1
| #define HAVE_STDINT_H 1
| #define HAVE_STRINGS_H 1
| #define HAVE_SYS_STAT_H 1
| #define HAVE_SYS_TYPES_H 1
| #define HAVE_UNISTD_H 1
| #define STDC_HEADERS 1
| #define HAVE_DLFCN_H 1
| #define LT_OBJDIR ".libs/"
| #define HAVE_UNISTD_H 1
| #define HAVE_DIRENT_H 1
| #define HAVE_SYS_IOCTL_H 1
| #define HAVE_SYS_RESOURCE_H 1
| #define HAVE_SYS_SOCKET_H 1
| #define HAVE_SYS_TIME_H 1
| #define HAVE_SYS_UTSNAME_H 1
| #define SIZEOF_INT 4
| #define SIZEOF_LONG 8
| #define SIZEOF_LONG_LONG 8
| #define SIZEOF_OFF_T 8
| #define HAVE_GMODULE 1
| /* end confdefs.h.  */
| 
| /* Override any GCC internal prototype to avoid an error.
|    Use char because int might match the return type of a GCC
|    builtin and then its argument prototype would still apply.  */
| char setupterm ();
| int
| main (void)
| {
| return setupterm ();
|   ;
|   return 0;
| }
configure:14885: gcc -o conftest -g -O2 -Wall    conftest.c -ltinfo   >&5
configure:14885: $? = 0
configure:14905: result: -ltinfo
configure:14924: checking for term.h
configure:14924: gcc -c -g -O2 -Wall   conftest.c >&5
configure:14924: $? = 0
configure:14924: result: yes
configure:14960: checking for working Perl support
configure:15010: result: error linking with perl libraries, building without Perl
configure:15103: checking for cap_enter in -lc
configure:15126: gcc -o conftest -g -O2 -Wall    conftest.c -lc   -Wl,--export-dynamic -lgmodule-2.0 -pthread -lglib-2.0 -lssl -lcrypto >&5
/usr/bin/ld: /tmp/ccJLPCRU.o: in function `main':
/mnt/nfs/homes/djacobs/intra_djacobs/5_GitClone/Ft-irc/irssi-1.4.5/conftest.c:42: undefined reference to `cap_enter'
collect2: error: ld returned 1 exit status
configure:15126: $? = 1
configure: failed program was:
| /* confdefs.h */
| #define PACKAGE_NAME "irssi"
| #define PACKAGE_TARNAME "irssi"
| #define PACKAGE_VERSION "1.4.5"
| #define PACKAGE_STRING "irssi 1.4.5"
| #define PACKAGE_BUGREPORT ""
| #define PACKAGE_URL ""
| #define HAVE_STDIO_H 1
| #define HAVE_STDLIB_H 1
| #define HAVE_STRING_H 1
| #define HAVE_INTTYPES_H 1
| #define HAVE_STDINT_H 1
| #define HAVE_STRINGS_H 1
| #define HAVE_SYS_STAT_H 1
| #define HAVE_SYS_TYPES_H 1
| #define HAVE_UNISTD_H 1
| #define STDC_HEADERS 1
| #define HAVE_DLFCN_H 1
| #define LT_OBJDIR ".libs/"
| #define HAVE_UNISTD_H 1
| #define HAVE_DIRENT_H 1
| #define HAVE_SYS_IOCTL_H 1
| #define HAVE_SYS_RESOURCE_H 1
| #define HAVE_SYS_SOCKET_H 1
| #define HAVE_SYS_TIME_H 1
| #define HAVE_SYS_UTSNAME_H 1
| #define SIZEOF_INT 4
| #define SIZEOF_LONG 8
| #define SIZEOF_LONG_LONG 8
| #define SIZEOF_OFF_T 8
| #define HAVE_GMODULE 1
| #define HAVE_TERM_H /**/
| /* end confdefs.h.  */
| 
| /* Override any GCC internal prototype to avoid an error.
|    Use char because int might match the return type of a GCC
|    builtin and then its argument prototype would still apply.  */
| char cap_enter ();
| int
| main (void)
| {
| return cap_enter ();
|   ;
|   return 0;
| }
configure:15136: result: no
configure:15841: checking that generated files are newer than configure
configure:15847: result: done
configure:15914: creating ./config.status

## ---------------------- ##
## Running config.status. ##
## ---------------------- ##

This file was extended by irssi config.status 1.4.5, which was
generated by GNU Autoconf 2.71.  Invocation command line was

  CONFIG_FILES    = 
  CONFIG_HEADERS  = 
  CONFIG_LINKS    = 
  CONFIG_COMMANDS = 
  $ ./config.status 

on made-f0Ar4s11.clusters.42paris.fr

config.status:1219: creating Makefile
config.status:1219: creating src/Makefile
config.status:1219: creating src/core/Makefile
config.status:1219: creating src/irc/Makefile
config.status:1219: creating src/irc/core/Makefile
config.status:1219: creating src/irc/dcc/Makefile
config.status:1219: creating src/irc/notifylist/Makefile
config.status:1219: creating src/irc/proxy/Makefile
config.status:1219: creating src/irc/flood/Makefile
config.status:1219: creating src/fe-common/Makefile
config.status:1219: creating src/fe-common/core/Makefile
config.status:1219: creating src/fe-common/irc/Makefile
config.status:1219: creating src/fe-common/irc/dcc/Makefile
config.status:1219: creating src/fe-common/irc/notifylist/Makefile
config.status:1219: creating src/fe-fuzz/Makefile
config.status:1219: creating src/fe-fuzz/irc/Makefile
config.status:1219: creating src/fe-fuzz/irc/core/Makefile
config.status:1219: creating src/fe-fuzz/fe-common/Makefile
config.status:1219: creating src/fe-fuzz/fe-common/core/Makefile
config.status:1219: creating src/fe-none/Makefile
config.status:1219: creating src/fe-text/Makefile
config.status:1219: creating src/lib-config/Makefile
config.status:1219: creating src/perl/Makefile
config.status:1219: creating src/perl/common/Makefile.PL
config.status:1219: creating src/perl/irc/Makefile.PL
config.status:1219: creating src/perl/ui/Makefile.PL
config.status:1219: creating src/perl/textui/Makefile.PL
config.status:1219: creating src/otr/Makefile
config.status:1219: creating scripts/Makefile
config.status:1219: creating scripts/examples/Makefile
config.status:1219: creating tests/Makefile
config.status:1219: creating tests/fe-common/Makefile
config.status:1219: creating tests/fe-common/core/Makefile
config.status:1219: creating tests/fe-text/Makefile
config.status:1219: creating tests/irc/Makefile
config.status:1219: creating tests/irc/core/Makefile
config.status:1219: creating tests/irc/flood/Makefile
config.status:1219: creating docs/Makefile
config.status:1219: creating docs/help/Makefile
config.status:1219: creating docs/help/in/Makefile
config.status:1219: creating utils/Makefile
config.status:1219: creating themes/Makefile
config.status:1219: creating irssi-1.pc
config.status:1219: creating irssi-config.h
config.status:1460: linking irssi-config.h to irssi/irssi-config.h
config.status:1460: linking ./src to irssi/src
config.status:1479: executing depfiles commands
config.status:1556: cd src/core       && sed -e '/# am--include-marker/d' Makefile         | make -f - am--depfiles
config.status:1561: $? = 0
config.status:1556: cd src/irc       && sed -e '/# am--include-marker/d' Makefile         | make -f - am--depfiles
config.status:1561: $? = 0
config.status:1556: cd src/irc/core       && sed -e '/# am--include-marker/d' Makefile         | make -f - am--depfiles
config.status:1561: $? = 0
config.status:1556: cd src/irc/dcc       && sed -e '/# am--include-marker/d' Makefile         | make -f - am--depfiles
config.status:1561: $? = 0
config.status:1556: cd src/irc/notifylist       && sed -e '/# am--include-marker/d' Makefile         | make -f - am--depfiles
config.status:1561: $? = 0
config.status:1556: cd src/irc/proxy       && sed -e '/# am--include-marker/d' Makefile         | make -f - am--depfiles
config.status:1561: $? = 0
config.status:1556: cd src/irc/flood       && sed -e '/# am--include-marker/d' Makefile         | make -f - am--depfiles
config.status:1561: $? = 0
config.status:1556: cd src/fe-common/core       && sed -e '/# am--include-marker/d' Makefile         | make -f - am--depfiles
config.status:1561: $? = 0
config.status:1556: cd src/fe-common/irc       && sed -e '/# am--include-marker/d' Makefile         | make -f - am--depfiles
config.status:1561: $? = 0
config.status:1556: cd src/fe-common/irc/dcc       && sed -e '/# am--include-marker/d' Makefile         | make -f - am--depfiles
config.status:1561: $? = 0
config.status:1556: cd src/fe-common/irc/notifylist       && sed -e '/# am--include-marker/d' Makefile         | make -f - am--depfiles
config.status:1561: $? = 0
config.status:1556: cd src/fe-fuzz       && sed -e '/# am--include-marker/d' Makefile         | make -f - am--depfiles
config.status:1561: $? = 0
config.status:1556: cd src/fe-fuzz/irc/core       && sed -e '/# am--include-marker/d' Makefile         | make -f - am--depfiles
config.status:1561: $? = 0
config.status:1556: cd src/fe-fuzz/fe-common/core       && sed -e '/# am--include-marker/d' Makefile         | make -f - am--depfiles
config.status:1561: $? = 0
config.status:1556: cd src/fe-none       && sed -e '/# am--include-marker/d' Makefile         | make -f - am--depfiles
config.status:1561: $? = 0
config.status:1556: cd src/fe-text       && sed -e '/# am--include-marker/d' Makefile         | make -f - am--depfiles
config.status:1561: $? = 0
config.status:1556: cd src/lib-config       && sed -e '/# am--include-marker/d' Makefile         | make -f - am--depfiles
config.status:1561: $? = 0
config.status:1556: cd src/perl       && sed -e '/# am--include-marker/d' Makefile         | make -f - am--depfiles
config.status:1561: $? = 0
config.status:1556: cd src/otr       && sed -e '/# am--include-marker/d' Makefile         | make -f - am--depfiles
config.status:1561: $? = 0
config.status:1556: cd tests/fe-common/core       && sed -e '/# am--include-marker/d' Makefile         | make -f - am--depfiles
config.status:1561: $? = 0
config.status:1556: cd tests/fe-text       && sed -e '/# am--include-marker/d' Makefile         | make -f - am--depfiles
config.status:1561: $? = 0
config.status:1556: cd tests/irc/core       && sed -e '/# am--include-marker/d' Makefile         | make -f - am--depfiles
config.status:1561: $? = 0
config.status:1556: cd tests/irc/flood       && sed -e '/# am--include-marker/d' Makefile         | make -f - am--depfiles
config.status:1561: $? = 0
config.status:1479: executing libtool commands

## ---------------- ##
## Cache variables. ##
## ---------------- ##

ac_cv_build=x86_64-unknown-linux-gnu
ac_cv_c_compiler_gnu=yes
ac_cv_env_CC_set=
ac_cv_env_CC_value=
ac_cv_env_CFLAGS_set=
ac_cv_env_CFLAGS_value=
ac_cv_env_CPPFLAGS_set=
ac_cv_env_CPPFLAGS_value=
ac_cv_env_CPP_set=
ac_cv_env_CPP_value=
ac_cv_env_LDFLAGS_set=
ac_cv_env_LDFLAGS_value=
ac_cv_env_LIBS_set=
ac_cv_env_LIBS_value=
ac_cv_env_LT_SYS_LIBRARY_PATH_set=
ac_cv_env_LT_SYS_LIBRARY_PATH_value=
ac_cv_env_OPENSSL_CFLAGS_set=
ac_cv_env_OPENSSL_CFLAGS_value=
ac_cv_env_OPENSSL_LIBS_set=
ac_cv_env_OPENSSL_LIBS_value=
ac_cv_env_PKG_CONFIG_LIBDIR_set=
ac_cv_env_PKG_CONFIG_LIBDIR_value=
ac_cv_env_PKG_CONFIG_PATH_set=
ac_cv_env_PKG_CONFIG_PATH_value=
ac_cv_env_PKG_CONFIG_set=
ac_cv_env_PKG_CONFIG_value=
ac_cv_env_build_alias_set=
ac_cv_env_build_alias_value=
ac_cv_env_host_alias_set=
ac_cv_env_host_alias_value=
ac_cv_env_target_alias_set=
ac_cv_env_target_alias_value=
ac_cv_header_dirent_h=yes
ac_cv_header_dlfcn_h=yes
ac_cv_header_inttypes_h=yes
ac_cv_header_stdint_h=yes
ac_cv_header_stdio_h=yes
ac_cv_header_stdlib_h=yes
ac_cv_header_string_h=yes
ac_cv_header_strings_h=yes
ac_cv_header_sys_ioctl_h=yes
ac_cv_header_sys_resource_h=yes
ac_cv_header_sys_socket_h=yes
ac_cv_header_sys_stat_h=yes
ac_cv_header_sys_time_h=yes
ac_cv_header_sys_types_h=yes
ac_cv_header_sys_utsname_h=yes
ac_cv_header_term_h=yes
ac_cv_header_unistd_h=yes
ac_cv_header_utf8proc_h=no
ac_cv_host=x86_64-unknown-linux-gnu
ac_cv_lib_c_cap_enter=no
ac_cv_objext=o
ac_cv_path_EGREP='/usr/bin/grep -E'
ac_cv_path_FGREP='/usr/bin/grep -F'
ac_cv_path_GREP=/usr/bin/grep
ac_cv_path_SED=/usr/bin/sed
ac_cv_path_ac_pt_PKG_CONFIG=/usr/bin/pkg-config
ac_cv_path_install='/usr/bin/install -c'
ac_cv_path_lt_DD=/usr/bin/dd
ac_cv_path_mkdir=/usr/bin/mkdir
ac_cv_path_perlpath=/usr/bin/perl
ac_cv_path_sedpath=/usr/bin/sed
ac_cv_prog_AWK=gawk
ac_cv_prog_CPP='gcc -E'
ac_cv_prog_ac_ct_AR=ar
ac_cv_prog_ac_ct_CC=gcc
ac_cv_prog_ac_ct_FILECMD=file
ac_cv_prog_ac_ct_MANIFEST_TOOL=mt
ac_cv_prog_ac_ct_OBJDUMP=objdump
ac_cv_prog_ac_ct_RANLIB=ranlib
ac_cv_prog_ac_ct_STRIP=strip
ac_cv_prog_cc_c11=
ac_cv_prog_cc_g=yes
ac_cv_prog_cc_stdc=
ac_cv_prog_make_make_set=yes
ac_cv_search_inet_addr='none required'
ac_cv_search_setupterm=-ltinfo
ac_cv_search_socket='none required'
ac_cv_sizeof_int=4
ac_cv_sizeof_long=8
ac_cv_sizeof_long_long=8
ac_cv_sizeof_off_t=8
ac_cv_sys_file_offset_bits=no
ac_cv_sys_largefile_CC=no
ac_cv_type_socklen_t=yes
am_cv_CC_dependencies_compiler_type=gcc3
am_cv_make_support_nested_variables=yes
am_cv_prog_cc_c_o=yes
lt_cv_ar_at_file=@
lt_cv_archive_cmds_need_lc=no
lt_cv_deplibs_check_method=pass_all
lt_cv_file_magic_cmd='$MAGIC_CMD'
lt_cv_file_magic_test_file=
lt_cv_ld_reload_flag=-r
lt_cv_nm_interface='BSD nm'
lt_cv_objdir=.libs
lt_cv_path_LD=/usr/bin/ld
lt_cv_path_NM='/usr/bin/nm -B'
lt_cv_path_mainfest_tool=no
lt_cv_prog_compiler_c_o=yes
lt_cv_prog_compiler_pic='-fPIC -DPIC'
lt_cv_prog_compiler_pic_works=yes
lt_cv_prog_compiler_rtti_exceptions=no
lt_cv_prog_compiler_static_works=yes
lt_cv_prog_gnu_ld=yes
lt_cv_sharedlib_from_linklib_cmd='printf %s\n'
lt_cv_shlibpath_overrides_runpath=yes
lt_cv_sys_global_symbol_pipe='/usr/bin/sed -n -e '\''s/^.*[	 ]\([ABCDGIRSTW][ABCDGIRSTW]*\)[	 ][	 ]*\([_A-Za-z][_A-Za-z0-9]*\)$/\1 \2 \2/p'\'' | /usr/bin/sed '\''/ __gnu_lto/d'\'''
lt_cv_sys_global_symbol_to_c_name_address='/usr/bin/sed -n -e '\''s/^: \(.*\) .*$/  {"\1", (void *) 0},/p'\'' -e '\''s/^[ABCDGIRSTW][ABCDGIRSTW]* .* \(.*\)$/  {"\1", (void *) \&\1},/p'\'''
lt_cv_sys_global_symbol_to_c_name_address_lib_prefix='/usr/bin/sed -n -e '\''s/^: \(.*\) .*$/  {"\1", (void *) 0},/p'\'' -e '\''s/^[ABCDGIRSTW][ABCDGIRSTW]* .* \(lib.*\)$/  {"\1", (void *) \&\1},/p'\'' -e '\''s/^[ABCDGIRSTW][ABCDGIRSTW]* .* \(.*\)$/  {"lib\1", (void *) \&\1},/p'\'''
lt_cv_sys_global_symbol_to_cdecl='/usr/bin/sed -n -e '\''s/^T .* \(.*\)$/extern int \1();/p'\'' -e '\''s/^[ABCDGIRSTW][ABCDGIRSTW]* .* \(.*\)$/extern char \1;/p'\'''
lt_cv_sys_global_symbol_to_import=
lt_cv_sys_max_cmd_len=1572864
lt_cv_to_host_file_cmd=func_convert_file_noop
lt_cv_to_tool_file_cmd=func_convert_file_noop
lt_cv_truncate_bin='/usr/bin/dd bs=4096 count=1'
pkg_cv_OPENSSL_CFLAGS=
pkg_cv_OPENSSL_LIBS='-lssl -lcrypto'

## ----------------- ##
## Output variables. ##
## ----------------- ##

ACLOCAL='${SHELL} '\''/mnt/nfs/homes/djacobs/intra_djacobs/5_GitClone/Ft-irc/irssi-1.4.5/build-aux/missing'\'' aclocal-1.16'
AMDEPBACKSLASH='\'
AMDEP_FALSE='#'
AMDEP_TRUE=''
AMTAR='$${TAR-tar}'
AM_BACKSLASH='\'
AM_DEFAULT_V='$(AM_DEFAULT_VERBOSITY)'
AM_DEFAULT_VERBOSITY='0'
AM_V='$(V)'
AR='ar'
AUTOCONF='${SHELL} '\''/mnt/nfs/homes/djacobs/intra_djacobs/5_GitClone/Ft-irc/irssi-1.4.5/build-aux/missing'\'' autoconf'
AUTOHEADER='${SHELL} '\''/mnt/nfs/homes/djacobs/intra_djacobs/5_GitClone/Ft-irc/irssi-1.4.5/build-aux/missing'\'' autoheader'
AUTOMAKE='${SHELL} '\''/mnt/nfs/homes/djacobs/intra_djacobs/5_GitClone/Ft-irc/irssi-1.4.5/build-aux/missing'\'' automake-1.16'
AWK='gawk'
BUILD_IRSSIBOT_FALSE=''
BUILD_IRSSIBOT_TRUE='#'
BUILD_IRSSIFUZZER_FALSE=''
BUILD_IRSSIFUZZER_TRUE='#'
BUILD_IRSSIPROXY_FALSE=''
BUILD_IRSSIPROXY_TRUE='#'
BUILD_TEXTUI_FALSE='#'
BUILD_TEXTUI_TRUE=''
CC='gcc'
CCDEPMODE='depmode=gcc3'
CFLAGS='-g -O2 -Wall '
CHAT_MODULES='irc'
COMMON_LIBS='../fe-common/irc/libfe_common_irc.a ../fe-common/irc/dcc/libfe_irc_dcc.a ../fe-common/irc/notifylist/libfe_irc_notifylist.a ../fe-common/core/libfe_common_core.a  ../irc/libirc.a ../irc/core/libirc_core.a ../irc/dcc/libirc_dcc.a ../irc/flood/libirc_flood.a ../irc/notifylist/libirc_notifylist.a ../core/libcore.a ../lib-config/libirssi_config.a'
COMMON_NOUI_LIBS=' ../irc/libirc.a ../irc/core/libirc_core.a ../irc/dcc/libirc_dcc.a ../irc/flood/libirc_flood.a ../irc/notifylist/libirc_notifylist.a ../core/libcore.a ../lib-config/libirssi_config.a'
CPP='gcc -E'
CPPFLAGS=''
CSCOPE='cscope'
CTAGS='ctags'
CYGPATH_W='echo'
DEFS='-DHAVE_CONFIG_H'
DEPDIR='.deps'
DLLTOOL='false'
DSYMUTIL=''
DUMPBIN=''
ECHO_C=''
ECHO_N='-n'
ECHO_T=''
EGREP='/usr/bin/grep -E'
ENABLE_ALWAYS_BUILD_TESTS_FALSE=''
ENABLE_ALWAYS_BUILD_TESTS_TRUE='#'
ENABLE_INSTALLED_TESTS_FALSE=''
ENABLE_INSTALLED_TESTS_TRUE='#'
ETAGS='etags'
EXEEXT=''
FGREP='/usr/bin/grep -F'
FILECMD='file'
FUZZER_LIBS=''
GLIB_CFLAGS='-pthread -I/usr/include/glib-2.0 -I/usr/lib/x86_64-linux-gnu/glib-2.0/include'
GLIB_GENMARSHAL='/usr/bin/glib-genmarshal'
GLIB_LIBS='-Wl,--export-dynamic -lgmodule-2.0 -pthread -lglib-2.0'
GLIB_MKENUMS='/usr/bin/glib-mkenums'
GOBJECT_QUERY='/usr/bin/gobject-query'
GREP='/usr/bin/grep'
HAVE_CAPSICUM_FALSE=''
HAVE_CAPSICUM_TRUE='#'
HAVE_OTR_FALSE=''
HAVE_OTR_TRUE='#'
HAVE_PERL_FALSE=''
HAVE_PERL_TRUE='#'
INSTALL_DATA='${INSTALL} -m 644'
INSTALL_PROGRAM='${INSTALL}'
INSTALL_SCRIPT='${INSTALL}'
INSTALL_STRIP_PROGRAM='$(install_sh) -c -s'
LD='/usr/bin/ld -m elf_x86_64'
LDFLAGS=''
LIBGCRYPT_CFLAGS=''
LIBGCRYPT_CONFIG=''
LIBGCRYPT_LIBS=''
LIBOBJS=''
LIBOTR_CFLAGS=''
LIBOTR_LIBS=''
LIBS=''
LIBTOOL='$(SHELL) $(top_builddir)/libtool'
LIPO=''
LN_S='ln -s'
LTLIBOBJS=''
LT_SYS_LIBRARY_PATH=''
MAINT='#'
MAINTAINER_MODE_FALSE=''
MAINTAINER_MODE_TRUE='#'
MAKEINFO='${SHELL} '\''/mnt/nfs/homes/djacobs/intra_djacobs/5_GitClone/Ft-irc/irssi-1.4.5/build-aux/missing'\'' makeinfo'
MANIFEST_TOOL=':'
MKDIR_P='/usr/bin/mkdir -p'
NM='/usr/bin/nm -B'
NMEDIT=''
OBJDUMP='objdump'
OBJEXT='o'
OPENSSL_CFLAGS=''
OPENSSL_LIBS='-lssl -lcrypto'
OTOOL64=''
OTOOL=''
OTR_CFLAGS=''
OTR_LDFLAGS=''
OTR_LINK_FLAGS=''
OTR_LINK_LIBS=''
PACKAGE='irssi'
PACKAGE_BUGREPORT=''
PACKAGE_NAME='irssi'
PACKAGE_STRING='irssi 1.4.5'
PACKAGE_TARNAME='irssi'
PACKAGE_URL=''
PACKAGE_VERSION='1.4.5'
PATH_SEPARATOR=':'
PERL_CFLAGS=' -D_REENTRANT -D_GNU_SOURCE -DDEBIAN -fwrapv -fno-strict-aliasing -pipe -I/usr/local/include -D_LARGEFILE_SOURCE -D_FILE_OFFSET_BITS=64  -I/usr/lib/x86_64-linux-gnu/perl/5.34/CORE '
PERL_EXTRA_OPTS=''
PERL_FE_LINK_LIBS=''
PERL_LDFLAGS='-Wl,-E -fstack-protector-strong -L/usr/local/lib -L/usr/lib/x86_64-linux-gnu/perl/5.34/CORE -lperl -ldl -lm -lpthread -lcrypt'
PERL_LINK_FLAGS=''
PERL_LINK_LIBS=''
PERL_MM_OPT=''
PERL_MM_PARAMS='INSTALLDIRS=perl INSTALL_BASE=/mnt/nfs/homes/djacobs/irssi'
PERL_STATIC_LIBS=''
PERL_USE_LIB=''
PKG_CONFIG='/usr/bin/pkg-config'
PKG_CONFIG_LIBDIR=''
PKG_CONFIG_PATH=''
PROG_LIBS=' -Wl,--export-dynamic -lgmodule-2.0 -pthread -lglib-2.0 -lssl -lcrypto'
RANLIB='ranlib'
SED='/usr/bin/sed'
SET_MAKE=''
SHELL='/bin/bash'
STRIP='strip'
TEXTUI_LIBS='-ltinfo '
USE_GREGEX_FALSE='#'
USE_GREGEX_TRUE=''
VERSION='1.4.5'
ac_ct_AR='ar'
ac_ct_CC='gcc'
ac_ct_DUMPBIN=''
am__EXEEXT_FALSE=''
am__EXEEXT_TRUE='#'
am__fastdepCC_FALSE='#'
am__fastdepCC_TRUE=''
am__include='include'
am__isrc=''
am__leading_dot='.'
am__nodep='_no'
am__quote=''
am__tar='$${TAR-tar} chof - "$$tardir"'
am__untar='$${TAR-tar} xf -'
bindir='${exec_prefix}/bin'
build='x86_64-unknown-linux-gnu'
build_alias=''
build_cpu='x86_64'
build_os='linux-gnu'
build_vendor='unknown'
datadir='${datarootdir}'
datarootdir='${prefix}/share'
docdir='${datarootdir}/doc/${PACKAGE_TARNAME}'
dvidir='${docdir}'
exec_prefix='${prefix}'
host='x86_64-unknown-linux-gnu'
host_alias=''
host_cpu='x86_64'
host_os='linux-gnu'
host_vendor='unknown'
htmldir='${docdir}'
includedir='${prefix}/include'
infodir='${datarootdir}/info'
install_sh='${SHELL} /mnt/nfs/homes/djacobs/intra_djacobs/5_GitClone/Ft-irc/irssi-1.4.5/build-aux/install-sh'
installed_test_metadir=''
installed_testdir=''
irc_MODULES='dcc flood notifylist'
libdir='${exec_prefix}/lib'
libexecdir='${exec_prefix}/libexec'
localedir='${datarootdir}/locale'
localstatedir='${prefix}/var'
mandir='${datarootdir}/man'
mkdir_p='$(MKDIR_P)'
oldincludedir='/usr/include'
otr_module_lib=''
otr_static_lib=''
pdfdir='${docdir}'
perl_module_fe_lib=''
perl_module_lib=''
perl_static_fe_lib=''
perl_static_lib=''
perlpath='/usr/bin/perl'
pkgconfigdir='${libdir}/pkgconfig'
prefix='/mnt/nfs/homes/djacobs/irssi'
program_transform_name='s,x,x,'
psdir='${docdir}'
runstatedir='${localstatedir}/run'
sbindir='${exec_prefix}/sbin'
sedpath='/usr/bin/sed'
sharedstatedir='${prefix}/com'
sysconfdir='${prefix}/etc'
target_alias=''

## ----------- ##
## confdefs.h. ##
## ----------- ##

/* confdefs.h */
#define PACKAGE_NAME "irssi"
#define PACKAGE_TARNAME "irssi"
#define PACKAGE_VERSION "1.4.5"
#define PACKAGE_STRING "irssi 1.4.5"
#define PACKAGE_BUGREPORT ""
#define PACKAGE_URL ""
#define HAVE_STDIO_H 1
#define HAVE_STDLIB_H 1
#define HAVE_STRING_H 1
#define HAVE_INTTYPES_H 1
#define HAVE_STDINT_H 1
#define HAVE_STRINGS_H 1
#define HAVE_SYS_STAT_H 1
#define HAVE_SYS_TYPES_H 1
#define HAVE_UNISTD_H 1
#define STDC_HEADERS 1
#define HAVE_DLFCN_H 1
#define LT_OBJDIR ".libs/"
#define HAVE_UNISTD_H 1
#define HAVE_DIRENT_H 1
#define HAVE_SYS_IOCTL_H 1
#define HAVE_SYS_RESOURCE_H 1
#define HAVE_SYS_SOCKET_H 1
#define HAVE_SYS_TIME_H 1
#define HAVE_SYS_UTSNAME_H 1
#define SIZEOF_INT 4
#define SIZEOF_LONG 8
#define SIZEOF_LONG_LONG 8
#define SIZEOF_OFF_T 8
#define HAVE_GMODULE 1
#define HAVE_TERM_H /**/
#define USE_GREGEX /**/
#define FHS_PREFIX ""

configure: exit 0
